d:\projects\audiostreamplayer\audiostreamplayer\asplayer\x64\release\asplayer.pch
d:\projects\audiostreamplayer\audiostreamplayer\asplayer\x64\release\vc143.pdb
d:\projects\audiostreamplayer\audiostreamplayer\asplayer\x64\release\pch.obj
d:\projects\audiostreamplayer\audiostreamplayer\asplayer\x64\release\dllmain.obj
d:\projects\audiostreamplayer\audiostreamplayer\asplayer\x64\release\asplayer.obj
d:\projects\audiostreamplayer\audiostreamplayer\audiostreamplayer\bin\x64\release\net9.0-windows\asplayer.dll
d:\projects\audiostreamplayer\audiostreamplayer\x64\release\asplayer.pdb
d:\projects\audiostreamplayer\audiostreamplayer\asplayer\x64\release\asplayer.res
d:\projects\audiostreamplayer\audiostreamplayer\x64\release\asplayer.lib
d:\projects\audiostreamplayer\audiostreamplayer\x64\release\asplayer.exp
d:\projects\audiostreamplayer\audiostreamplayer\asplayer\x64\release\asplayer.ipdb
d:\projects\audiostreamplayer\audiostreamplayer\asplayer\x64\release\asplayer.iobj
d:\projects\audiostreamplayer\audiostreamplayer\asplayer\x64\release\asplayer.tlog\cl.command.1.tlog
d:\projects\audiostreamplayer\audiostreamplayer\asplayer\x64\release\asplayer.tlog\cl.items.tlog
d:\projects\audiostreamplayer\audiostreamplayer\asplayer\x64\release\asplayer.tlog\cl.read.1.tlog
d:\projects\audiostreamplayer\audiostreamplayer\asplayer\x64\release\asplayer.tlog\cl.write.1.tlog
d:\projects\audiostreamplayer\audiostreamplayer\asplayer\x64\release\asplayer.tlog\link.command.1.tlog
d:\projects\audiostreamplayer\audiostreamplayer\asplayer\x64\release\asplayer.tlog\link.read.1.tlog
d:\projects\audiostreamplayer\audiostreamplayer\asplayer\x64\release\asplayer.tlog\link.secondary.1.tlog
d:\projects\audiostreamplayer\audiostreamplayer\asplayer\x64\release\asplayer.tlog\link.write.1.tlog
d:\projects\audiostreamplayer\audiostreamplayer\asplayer\x64\release\asplayer.tlog\rc.command.1.tlog
d:\projects\audiostreamplayer\audiostreamplayer\asplayer\x64\release\asplayer.tlog\rc.read.1.tlog
d:\projects\audiostreamplayer\audiostreamplayer\asplayer\x64\release\asplayer.tlog\rc.write.1.tlog
